[debug] [2022-04-18T15:34:44.210Z] ----------------------------------------------------------------------
[debug] [2022-04-18T15:34:44.212Z] Command:       C:\Program Files\nodejs\node.exe C:\Users\user\AppData\Roaming\npm\node_modules\firebase-tools\lib\bin\firebase.js deploy
[debug] [2022-04-18T15:34:44.212Z] CLI Version:   10.6.0
[debug] [2022-04-18T15:34:44.212Z] Platform:      win32
[debug] [2022-04-18T15:34:44.212Z] Node Version:  v16.13.1
[debug] [2022-04-18T15:34:44.213Z] Time:          Mon Apr 18 2022 21:34:44 GMT+0600 (East Kazakhstan Time)
[debug] [2022-04-18T15:34:44.213Z] ----------------------------------------------------------------------
[debug] 
[debug] [2022-04-18T15:34:44.271Z] > command requires scopes: ["email","openid","https://www.googleapis.com/auth/cloudplatformprojects.readonly","https://www.googleapis.com/auth/firebase","https://www.googleapis.com/auth/cloud-platform"]
[debug] [2022-04-18T15:34:44.272Z] > authorizing via signed-in user (monirakibul@gmail.com)
[debug] [2022-04-18T15:34:44.272Z] [iam] checking project photographer-afc00 for permissions ["firebase.projects.get","firebasehosting.sites.update"]
[debug] [2022-04-18T15:34:44.273Z] > refreshing access token with scopes: []
[debug] [2022-04-18T15:34:44.274Z] >>> HTTP REQUEST POST https://www.googleapis.com/oauth2/v3/token  
 <request body omitted>
[debug] [2022-04-18T15:34:56.329Z] [iam] error while checking permissions, command may fail: FirebaseError: Authentication Error: Your credentials are no longer valid. Please run firebase login --reauth

For CI servers and headless environments, generate a new token with firebase login:ci
[debug] [2022-04-18T15:34:56.330Z] > refreshing access token with scopes: []
[debug] [2022-04-18T15:34:56.331Z] >>> HTTP REQUEST POST https://www.googleapis.com/oauth2/v3/token  
 <request body omitted>
[debug] [2022-04-18T15:34:56.337Z] Authentication Error: Your credentials are no longer valid. Please run firebase login --reauth

For CI servers and headless environments, generate a new token with firebase login:ci
[debug] [2022-04-18T15:34:56.346Z] FirebaseError: Authentication Error: Your credentials are no longer valid. Please run firebase login --reauth

For CI servers and headless environments, generate a new token with firebase login:ci
    at invalidCredentialError (C:\Users\user\AppData\Roaming\npm\node_modules\firebase-tools\lib\auth.js:145:12)
    at refreshTokens (C:\Users\user\AppData\Roaming\npm\node_modules\firebase-tools\lib\auth.js:485:15)
    at processTicksAndRejections (node:internal/process/task_queues:96:5)
    at async Client.getAccessToken (C:\Users\user\AppData\Roaming\npm\node_modules\firebase-tools\lib\apiv2.js:147:23)
    at async Client.addAuthHeader (C:\Users\user\AppData\Roaming\npm\node_modules\firebase-tools\lib\apiv2.js:138:21)
    at async Client.request (C:\Users\user\AppData\Roaming\npm\node_modules\firebase-tools\lib\apiv2.js:94:34)
    at async getFirebaseProject (C:\Users\user\AppData\Roaming\npm\node_modules\firebase-tools\lib\management\projects.js:290:21)
    at async getDefaultHostingSite (C:\Users\user\AppData\Roaming\npm\node_modules\firebase-tools\lib\getDefaultHostingSite.js:8:21)
    at async requireHostingSite (C:\Users\user\AppData\Roaming\npm\node_modules\firebase-tools\lib\requireHostingSite.js:9:18)
    at async Object.fn (C:\Users\user\AppData\Roaming\npm\node_modules\firebase-tools\lib\commands\deploy.js:73:9)
    at async C:\Users\user\AppData\Roaming\npm\node_modules\firebase-tools\lib\command.js:188:17
[error] 
[error] Error: Failed to get Firebase project photographer-afc00. Please make sure the project exists and your account has permission to access it.
